<?xml version='1.0' encoding='UTF-8'?>
<matrix-project>
  <actions/>
  <description></description>
  <keepDependencies>false</keepDependencies>
  <properties/>
  <scm class="hudson.scm.NullSCM"/>
  <canRoam>true</canRoam>
  <disabled>false</disabled>
  <blockBuildWhenDownstreamBuilding>false</blockBuildWhenDownstreamBuilding>
  <blockBuildWhenUpstreamBuilding>false</blockBuildWhenUpstreamBuilding>
  <triggers/>
  <concurrentBuild>false</concurrentBuild>
  <axes>
    <hudson.matrix.TextAxis>
      <name>AXIS1</name>
      <values>
        <string>111</string>
        <string>222</string>
      </values>
    </hudson.matrix.TextAxis>
    <hudson.matrix.TextAxis>
      <name>AXIS2</name>
      <values>
        <string>333</string>
        <string>444</string>
      </values>
    </hudson.matrix.TextAxis>
  </axes>
  <builders>
    <hudson.tasks.Shell>
      <command>echo &quot;Matrix test&quot;</command>
    </hudson.tasks.Shell>
  </builders>
  <publishers/>
  <buildWrappers/>
  <executionStrategy class="hudson.matrix.DefaultMatrixExecutionStrategyImpl">
    <runSequentially>false</runSequentially>
  </executionStrategy>
</matrix-project>